18:14:52.811 [main] INFO  testCases.TC001_AccountRegistrationTest - ***Clicked on My account*****
18:14:53.801 [main] INFO  testCases.TC001_AccountRegistrationTest - ***Clicked on Register*****
18:14:53.811 [main] INFO  testCases.TC001_AccountRegistrationTest - ***Providing Details*****
18:14:58.851 [main] INFO  testCases.TC001_AccountRegistrationTest - ***Validating Confirmation message*****
18:15:00.072 [main] INFO  testCases.TC001_AccountRegistrationTest - ***Finished testcase*****
18:15:03.588 [main] INFO  testCases.TC002_LoginTest - *****************Starting the TC002_LoginTest*************
18:15:06.294 [main] INFO  testCases.TC002_LoginTest - *****************Ending the TC002_LoginTest*************
18:16:48.874 [main] INFO  org.testng.internal.Utils - [TestNG] Running:
  C:\Users\Sibananda\eclipse-workspace\SeleniumWorkSpace\OpencartV121\CrossBrowserTestNg.xml

18:16:58.126 [TestNG-tests-2] INFO  testCases.TC001_AccountRegistrationTest - ***Starting TC001_AccountRegistrationTest*****
18:16:58.866 [TestNG-tests-1] INFO  testCases.TC001_AccountRegistrationTest - ***Starting TC001_AccountRegistrationTest*****
18:16:59.082 [TestNG-tests-2] INFO  testCases.TC001_AccountRegistrationTest - ***Clicked on My account*****
18:16:59.183 [TestNG-tests-1] INFO  testCases.TC001_AccountRegistrationTest - ***Clicked on My account*****
18:17:09.315 [TestNG-tests-2] ERROR testCases.TC001_AccountRegistrationTest - Test failed
18:17:19.368 [TestNG-tests-1] ERROR testCases.TC001_AccountRegistrationTest - Test failed
18:18:30.353 [main] INFO  org.testng.internal.Utils - [TestNG] Running:
  C:\Users\Sibananda\eclipse-workspace\SeleniumWorkSpace\OpencartV121\CrossBrowserTestNg.xml

18:18:41.379 [TestNG-tests-1] INFO  testCases.TC001_AccountRegistrationTest - ***Starting TC001_AccountRegistrationTest*****
18:18:41.553 [TestNG-tests-2] INFO  testCases.TC001_AccountRegistrationTest - ***Starting TC001_AccountRegistrationTest*****
18:18:41.954 [TestNG-tests-2] INFO  testCases.TC001_AccountRegistrationTest - ***Clicked on My account*****
18:18:42.112 [TestNG-tests-1] INFO  testCases.TC001_AccountRegistrationTest - ***Clicked on My account*****
18:18:52.277 [TestNG-tests-2] ERROR testCases.TC001_AccountRegistrationTest - Test failed
18:19:02.416 [TestNG-tests-1] ERROR testCases.TC001_AccountRegistrationTest - Test failed
19:42:50.092 [main] INFO  org.testng.internal.Utils - [TestNG] Running:
  C:\Users\Sibananda\eclipse-workspace\SeleniumWorkSpace\OpencartV121\Grid-docker.xml

19:43:10.641 [main] INFO  testCases.TC001_AccountRegistrationTest - ***Starting TC001_AccountRegistrationTest*****
19:43:12.276 [main] INFO  testCases.TC001_AccountRegistrationTest - ***Clicked on My account*****
19:43:14.351 [main] INFO  testCases.TC001_AccountRegistrationTest - ***Clicked on Register*****
19:43:14.394 [main] INFO  testCases.TC001_AccountRegistrationTest - ***Providing Details*****
19:43:19.980 [main] INFO  testCases.TC001_AccountRegistrationTest - ***Validating Confirmation message*****
19:43:21.763 [main] INFO  testCases.TC001_AccountRegistrationTest - ***Finished testcase*****
19:43:26.951 [main] INFO  testCases.TC002_LoginTest - *****************Starting the TC002_LoginTest*************
19:43:29.774 [main] INFO  testCases.TC002_LoginTest - *****************Ending the TC002_LoginTest*************
19:44:10.454 [main] INFO  org.testng.internal.Utils - [TestNG] Running:
  C:\Users\Sibananda\eclipse-workspace\SeleniumWorkSpace\OpencartV121\Grid-docker.xml

19:53:49.810 [main] INFO  org.testng.internal.Utils - [TestNG] Running:
  C:\Users\Sibananda\eclipse-workspace\SeleniumWorkSpace\OpencartV121\Grid-docker.xml

19:59:01.538 [main] INFO  org.testng.internal.Utils - [TestNG] Running:
  C:\Users\Sibananda\eclipse-workspace\SeleniumWorkSpace\OpencartV121\Grid-docker.xml

20:39:14.640 [main] INFO  org.testng.internal.Utils - [TestNG] Running:
  C:\Users\Sibananda\eclipse-workspace\SeleniumWorkSpace\OpencartV121\Grid-docker.xml

20:40:20.667 [main] INFO  org.testng.internal.Utils - [TestNG] Running:
  C:\Users\Sibananda\eclipse-workspace\SeleniumWorkSpace\OpencartV121\Grid-docker.xml

19:11:46.157 [main] INFO  testCases.TC001_AccountRegistrationTest - ***Starting TC001_AccountRegistrationTest*****
19:11:47.131 [main] INFO  testCases.TC001_AccountRegistrationTest - ***Clicked on My account*****
19:11:48.720 [main] INFO  testCases.TC001_AccountRegistrationTest - ***Clicked on Register*****
19:11:48.793 [main] INFO  testCases.TC001_AccountRegistrationTest - ***Providing Details*****
19:11:55.221 [main] INFO  testCases.TC001_AccountRegistrationTest - ***Validating Confirmation message*****
19:11:56.799 [main] INFO  testCases.TC001_AccountRegistrationTest - ***Finished testcase*****
19:12:00.369 [main] INFO  testCases.TC002_LoginTest - *****************Starting the TC002_LoginTest*************
19:12:02.938 [main] INFO  testCases.TC002_LoginTest - *****************Ending the TC002_LoginTest*************
19:31:54.253 [main] INFO  testCases.TC001_AccountRegistrationTest - ***Starting TC001_AccountRegistrationTest*****
19:31:54.676 [main] INFO  testCases.TC001_AccountRegistrationTest - ***Clicked on My account*****
19:31:55.469 [main] INFO  testCases.TC001_AccountRegistrationTest - ***Clicked on Register*****
19:31:55.493 [main] INFO  testCases.TC001_AccountRegistrationTest - ***Providing Details*****
19:32:00.455 [main] INFO  testCases.TC001_AccountRegistrationTest - ***Validating Confirmation message*****
19:32:01.758 [main] INFO  testCases.TC001_AccountRegistrationTest - ***Finished testcase*****
19:32:05.136 [main] INFO  testCases.TC002_LoginTest - *****************Starting the TC002_LoginTest*************
19:32:07.330 [main] INFO  testCases.TC002_LoginTest - *****************Ending the TC002_LoginTest*************
19:32:48.292 [main] INFO  testCases.TC001_AccountRegistrationTest - ***Starting TC001_AccountRegistrationTest*****
19:32:48.617 [main] INFO  testCases.TC001_AccountRegistrationTest - ***Clicked on My account*****
