18:11:18.477 [main] DEBUG org.testng.TestNG - suiteXmlPath: "C:\Users\Sibananda\eclipse-workspace\SeleniumWorkSpace\OpencartV121\MasterTestNg.xml"
18:11:18.966 [main] INFO  org.testng.internal.Utils - [TestNG] Running:
  C:\Users\Sibananda\eclipse-workspace\SeleniumWorkSpace\OpencartV121\MasterTestNg.xml

18:11:23.236 [main] INFO  testCases.TC002_LoginTest - *****************Starting the TC002_LoginTest*************
18:11:29.776 [main] INFO  testCases.TC002_LoginTest - *****************Ending the TC002_LoginTest*************
16:31:26.167 [main] INFO  org.testng.internal.Utils - [TestNG] Running:
  C:\Users\Sibananda\eclipse-workspace\SeleniumWorkSpace\OpencartV121\MasterTestNg.xml

16:31:35.163 [main] INFO  testCases.TC003_LoginDDT - *****************Starting the TC003_LoginDDT*************
16:31:46.896 [main] INFO  testCases.TC003_LoginDDT - *****************Starting the TC003_LoginDDT*************
16:31:57.033 [main] INFO  testCases.TC003_LoginDDT - *****************Starting the TC003_LoginDDT*************
16:35:12.272 [main] INFO  org.testng.internal.Utils - [TestNG] Running:
  C:\Users\Sibananda\eclipse-workspace\SeleniumWorkSpace\OpencartV121\MasterTestNg.xml

16:35:18.405 [main] INFO  testCases.TC003_LoginDDT - *****************Starting the TC003_LoginDDT*************
16:35:21.581 [main] INFO  testCases.TC003_LoginDDT - *****************Ending the TC003_LoginDDT*************
16:35:21.596 [main] INFO  testCases.TC003_LoginDDT - *****************Starting the TC003_LoginDDT*************
16:35:32.483 [main] INFO  testCases.TC003_LoginDDT - *****************Ending the TC003_LoginDDT*************
16:35:32.495 [main] INFO  testCases.TC003_LoginDDT - *****************Starting the TC003_LoginDDT*************
16:35:43.274 [main] INFO  testCases.TC003_LoginDDT - *****************Ending the TC003_LoginDDT*************
17:16:46.293 [main] INFO  org.testng.internal.Utils - [TestNG] Running:
  C:\Users\Sibananda\eclipse-workspace\SeleniumWorkSpace\OpencartV121\Grouping.xml

17:16:57.290 [main] INFO  testCases.TC001_AccountRegistrationTest - ***Starting TC001_AccountRegistrationTest*****
17:16:58.732 [main] INFO  testCases.TC001_AccountRegistrationTest - ***Clicked on My account*****
17:16:59.641 [main] INFO  testCases.TC001_AccountRegistrationTest - ***Clicked on Register*****
17:16:59.666 [main] INFO  testCases.TC001_AccountRegistrationTest - ***Providing Details*****
17:17:04.710 [main] INFO  testCases.TC001_AccountRegistrationTest - ***Validating Confirmation message*****
17:17:06.487 [main] INFO  testCases.TC001_AccountRegistrationTest - ***Finished testcase*****
17:17:10.607 [main] INFO  testCases.TC002_LoginTest - *****************Starting the TC002_LoginTest*************
17:17:13.217 [main] INFO  testCases.TC002_LoginTest - *****************Ending the TC002_LoginTest*************
17:20:13.238 [main] INFO  org.testng.internal.Utils - [TestNG] Running:
  C:\Users\Sibananda\eclipse-workspace\SeleniumWorkSpace\OpencartV121\Grouping.xml

17:20:17.173 [main] INFO  testCases.TC001_AccountRegistrationTest - ***Starting TC001_AccountRegistrationTest*****
17:20:17.452 [main] INFO  testCases.TC001_AccountRegistrationTest - ***Clicked on My account*****
17:20:17.925 [main] INFO  testCases.TC001_AccountRegistrationTest - ***Clicked on Register*****
17:20:17.934 [main] INFO  testCases.TC001_AccountRegistrationTest - ***Providing Details*****
17:20:22.787 [main] INFO  testCases.TC001_AccountRegistrationTest - ***Validating Confirmation message*****
17:20:23.805 [main] INFO  testCases.TC001_AccountRegistrationTest - ***Finished testcase*****
19:15:16.761 [main] INFO  org.testng.internal.Utils - [TestNG] Running:
  C:\Users\Sibananda\eclipse-workspace\SeleniumWorkSpace\OpencartV121\Grouping.xml

19:15:22.275 [main] INFO  testCases.TC001_AccountRegistrationTest - ***Starting TC001_AccountRegistrationTest*****
19:15:22.583 [main] INFO  testCases.TC001_AccountRegistrationTest - ***Clicked on My account*****
19:15:23.315 [main] INFO  testCases.TC001_AccountRegistrationTest - ***Clicked on Register*****
19:15:23.326 [main] INFO  testCases.TC001_AccountRegistrationTest - ***Providing Details*****
19:15:28.257 [main] INFO  testCases.TC001_AccountRegistrationTest - ***Validating Confirmation message*****
19:15:29.329 [main] INFO  testCases.TC001_AccountRegistrationTest - ***Finished testcase*****
19:15:32.210 [main] INFO  testCases.TC002_LoginTest - *****************Starting the TC002_LoginTest*************
19:15:34.205 [main] INFO  testCases.TC002_LoginTest - *****************Ending the TC002_LoginTest*************
19:18:32.836 [main] INFO  org.testng.internal.Utils - [TestNG] Running:
  C:\Users\Sibananda\eclipse-workspace\SeleniumWorkSpace\OpencartV121\Grouping.xml

19:18:39.727 [main] INFO  testCases.TC001_AccountRegistrationTest - ***Starting TC001_AccountRegistrationTest*****
19:18:40.424 [main] INFO  testCases.TC001_AccountRegistrationTest - ***Clicked on My account*****
19:18:40.959 [main] INFO  testCases.TC001_AccountRegistrationTest - ***Clicked on Register*****
19:18:40.966 [main] INFO  testCases.TC001_AccountRegistrationTest - ***Providing Details*****
19:18:45.840 [main] INFO  testCases.TC001_AccountRegistrationTest - ***Validating Confirmation message*****
19:18:46.917 [main] INFO  testCases.TC001_AccountRegistrationTest - ***Finished testcase*****
19:18:50.713 [main] INFO  testCases.TC002_LoginTest - *****************Starting the TC002_LoginTest*************
19:18:52.857 [main] INFO  testCases.TC002_LoginTest - *****************Ending the TC002_LoginTest*************
19:19:31.827 [main] INFO  org.testng.internal.Utils - [TestNG] Running:
  C:\Users\Sibananda\eclipse-workspace\SeleniumWorkSpace\OpencartV121\Grouping.xml

19:19:37.748 [main] INFO  testCases.TC001_AccountRegistrationTest - ***Starting TC001_AccountRegistrationTest*****
19:19:38.077 [main] INFO  testCases.TC001_AccountRegistrationTest - ***Clicked on My account*****
19:19:38.694 [main] INFO  testCases.TC001_AccountRegistrationTest - ***Clicked on Register*****
