19:22:45.072 [main] DEBUG org.testng.TestNG - suiteXmlPath: "C:\Users\Sibananda\eclipse-workspace\SeleniumWorkSpace\OpencartV121\MasterTestNg.xml"
19:22:45.701 [main] INFO  org.testng.internal.Utils - [TestNG] Running:
  C:\Users\Sibananda\eclipse-workspace\SeleniumWorkSpace\OpencartV121\MasterTestNg.xml

19:23:51.978 [main] DEBUG org.testng.TestNG - suiteXmlPath: "C:\Users\Sibananda\eclipse-workspace\SeleniumWorkSpace\OpencartV121\MasterTestNg.xml"
19:23:52.660 [main] INFO  org.testng.internal.Utils - [TestNG] Running:
  C:\Users\Sibananda\eclipse-workspace\SeleniumWorkSpace\OpencartV121\MasterTestNg.xml

19:23:58.716 [main] INFO  testCases.TC001_AccountRegistrationTest - ***Starting TC001_AccountRegistrationTest*****
19:23:59.213 [main] INFO  testCases.TC001_AccountRegistrationTest - ***Clicked on My account*****
19:23:59.930 [main] INFO  testCases.TC001_AccountRegistrationTest - ***Clicked on Register*****
19:23:59.943 [main] INFO  testCases.TC001_AccountRegistrationTest - ***Providing Details*****
19:24:04.975 [main] INFO  testCases.TC001_AccountRegistrationTest - ***Validating Confirmation message*****
19:24:06.140 [main] INFO  testCases.TC001_AccountRegistrationTest - ***Finished testcase*****
19:25:19.112 [main] DEBUG org.testng.TestNG - suiteXmlPath: "C:\Users\Sibananda\eclipse-workspace\SeleniumWorkSpace\OpencartV121\MasterTestNg.xml"
19:25:19.526 [main] INFO  org.testng.internal.Utils - [TestNG] Running:
  C:\Users\Sibananda\eclipse-workspace\SeleniumWorkSpace\OpencartV121\MasterTestNg.xml

19:26:12.449 [main] DEBUG org.testng.TestNG - suiteXmlPath: "C:\Users\Sibananda\eclipse-workspace\SeleniumWorkSpace\OpencartV121\MasterTestNg.xml"
19:26:33.240 [main] DEBUG org.testng.TestNG - suiteXmlPath: "C:\Users\Sibananda\eclipse-workspace\SeleniumWorkSpace\OpencartV121\MasterTestNg.xml"
19:26:33.602 [main] INFO  org.testng.internal.Utils - [TestNG] Running:
  C:\Users\Sibananda\eclipse-workspace\SeleniumWorkSpace\OpencartV121\MasterTestNg.xml

19:26:41.486 [TestNG-tests-1] INFO  testCases.TC001_AccountRegistrationTest - ***Starting TC001_AccountRegistrationTest*****
19:26:42.097 [TestNG-tests-1] INFO  testCases.TC001_AccountRegistrationTest - ***Clicked on My account*****
19:26:42.497 [TestNG-tests-2] INFO  testCases.TC001_AccountRegistrationTest - ***Starting TC001_AccountRegistrationTest*****
19:26:42.833 [TestNG-tests-2] INFO  testCases.TC001_AccountRegistrationTest - ***Clicked on My account*****
19:26:43.386 [TestNG-tests-1] INFO  testCases.TC001_AccountRegistrationTest - ***Clicked on Register*****
19:26:43.396 [TestNG-tests-1] INFO  testCases.TC001_AccountRegistrationTest - ***Providing Details*****
19:26:43.753 [TestNG-tests-2] INFO  testCases.TC001_AccountRegistrationTest - ***Clicked on Register*****
19:26:43.755 [TestNG-tests-2] INFO  testCases.TC001_AccountRegistrationTest - ***Providing Details*****
19:26:48.864 [TestNG-tests-1] INFO  testCases.TC001_AccountRegistrationTest - ***Validating Confirmation message*****
19:26:49.533 [TestNG-tests-2] INFO  testCases.TC001_AccountRegistrationTest - ***Validating Confirmation message*****
19:26:50.709 [TestNG-tests-1] INFO  testCases.TC001_AccountRegistrationTest - ***Finished testcase*****
19:26:52.008 [TestNG-tests-2] INFO  testCases.TC001_AccountRegistrationTest - ***Finished testcase*****
19:46:28.253 [main] DEBUG org.testng.TestNG - suiteXmlPath: "C:\Users\Sibananda\eclipse-workspace\SeleniumWorkSpace\OpencartV121\MasterTestNg.xml"
19:46:29.111 [main] INFO  org.testng.internal.Utils - [TestNG] Running:
  C:\Users\Sibananda\eclipse-workspace\SeleniumWorkSpace\OpencartV121\MasterTestNg.xml

19:46:35.822 [main] INFO  testCases.TC001_AccountRegistrationTest - ***Starting TC001_AccountRegistrationTest*****
19:46:36.074 [main] INFO  testCases.TC001_AccountRegistrationTest - ***Clicked on My account*****
19:46:36.736 [main] INFO  testCases.TC001_AccountRegistrationTest - ***Clicked on Register*****
19:46:36.764 [main] INFO  testCases.TC001_AccountRegistrationTest - ***Providing Details*****
19:46:41.851 [main] INFO  testCases.TC001_AccountRegistrationTest - ***Validating Confirmation message*****
19:46:43.794 [main] INFO  testCases.TC001_AccountRegistrationTest - ***Finished testcase*****
18:04:06.300 [main] DEBUG org.testng.TestNG - suiteXmlPath: "C:\Users\Sibananda\eclipse-workspace\SeleniumWorkSpace\OpencartV121\MasterTestNg.xml"
18:04:06.858 [main] INFO  org.testng.internal.Utils - [TestNG] Running:
  C:\Users\Sibananda\eclipse-workspace\SeleniumWorkSpace\OpencartV121\MasterTestNg.xml

18:04:18.295 [main] INFO  testCases.TC002_LoginTest - *****************Starting the TC002_LoginTest*************
18:06:12.958 [main] DEBUG org.testng.TestNG - suiteXmlPath: "C:\Users\Sibananda\eclipse-workspace\SeleniumWorkSpace\OpencartV121\MasterTestNg.xml"
18:06:13.342 [main] INFO  org.testng.internal.Utils - [TestNG] Running:
  C:\Users\Sibananda\eclipse-workspace\SeleniumWorkSpace\OpencartV121\MasterTestNg.xml

18:06:19.410 [main] INFO  testCases.TC002_LoginTest - *****************Starting the TC002_LoginTest*************
18:09:05.628 [main] DEBUG org.testng.TestNG - suiteXmlPath: "C:\Users\Sibananda\eclipse-workspace\SeleniumWorkSpace\OpencartV121\MasterTestNg.xml"
18:09:06.159 [main] INFO  org.testng.internal.Utils - [TestNG] Running:
  C:\Users\Sibananda\eclipse-workspace\SeleniumWorkSpace\OpencartV121\MasterTestNg.xml

18:09:10.832 [main] INFO  testCases.TC002_LoginTest - *****************Starting the TC002_LoginTest*************
18:10:01.374 [main] DEBUG org.testng.TestNG - suiteXmlPath: "C:\Users\Sibananda\eclipse-workspace\SeleniumWorkSpace\OpencartV121\MasterTestNg.xml"
18:10:11.081 [main] DEBUG org.testng.TestNG - suiteXmlPath: "C:\Users\Sibananda\eclipse-workspace\SeleniumWorkSpace\OpencartV121\MasterTestNg.xml"
18:10:11.544 [main] INFO  org.testng.internal.Utils - [TestNG] Running:
  C:\Users\Sibananda\eclipse-workspace\SeleniumWorkSpace\OpencartV121\MasterTestNg.xml

18:10:15.831 [main] INFO  testCases.TC002_LoginTest - *****************Starting the TC002_LoginTest*************
