12:16:28.891 [main] INFO  org.testng.internal.Utils - [TestNG] Running:
  C:\Users\Sibananda\eclipse-workspace\SeleniumWorkSpace\OpencartV121\MasterTestNg.xml

12:17:17.324 [main] INFO  org.testng.internal.Utils - [TestNG] Running:
  C:\Users\Sibananda\eclipse-workspace\SeleniumWorkSpace\OpencartV121\MasterTestNg.xml

17:58:55.781 [main] INFO  org.testng.internal.Utils - [TestNG] Running:
  C:\Users\Sibananda\eclipse-workspace\SeleniumWorkSpace\OpencartV121\MasterTestNg.xml

18:03:16.829 [main] INFO  org.testng.internal.Utils - [TestNG] Running:
  C:\Users\Sibananda\eclipse-workspace\SeleniumWorkSpace\OpencartV121\MasterTestNg.xml

18:03:33.849 [main] INFO  testCases.TC001_AccountRegistrationTest - ***Starting TC001_AccountRegistrationTest*****
18:03:34.462 [main] INFO  testCases.TC001_AccountRegistrationTest - ***Clicked on My account*****
18:03:35.104 [main] INFO  testCases.TC001_AccountRegistrationTest - ***Clicked on Register*****
18:03:35.161 [main] INFO  testCases.TC001_AccountRegistrationTest - ***Providing Details*****
18:03:40.242 [main] INFO  testCases.TC001_AccountRegistrationTest - ***Validating Confirmation message*****
18:03:41.831 [main] INFO  testCases.TC001_AccountRegistrationTest - ***Finished testcase*****
18:03:49.014 [main] INFO  testCases.TC002_LoginTest - *****************Starting the TC002_LoginTest*************
18:03:51.648 [main] INFO  testCases.TC002_LoginTest - *****************Ending the TC002_LoginTest*************
18:04:12.301 [main] INFO  org.testng.internal.Utils - [TestNG] Running:
  C:\Users\Sibananda\eclipse-workspace\SeleniumWorkSpace\OpencartV121\MasterTestNg.xml

18:04:19.013 [main] INFO  testCases.TC001_AccountRegistrationTest - ***Starting TC001_AccountRegistrationTest*****
18:04:19.427 [main] INFO  testCases.TC001_AccountRegistrationTest - ***Clicked on My account*****
18:04:20.178 [main] INFO  testCases.TC001_AccountRegistrationTest - ***Clicked on Register*****
18:04:20.184 [main] INFO  testCases.TC001_AccountRegistrationTest - ***Providing Details*****
18:04:25.638 [main] INFO  testCases.TC001_AccountRegistrationTest - ***Validating Confirmation message*****
18:04:28.636 [main] INFO  testCases.TC001_AccountRegistrationTest - ***Finished testcase*****
18:04:36.348 [main] INFO  testCases.TC002_LoginTest - *****************Starting the TC002_LoginTest*************
18:04:40.763 [main] INFO  testCases.TC002_LoginTest - *****************Ending the TC002_LoginTest*************
18:09:12.702 [main] INFO  org.testng.internal.Utils - [TestNG] Running:
  C:\Users\Sibananda\eclipse-workspace\SeleniumWorkSpace\OpencartV121\MasterTestNg.xml

18:09:43.808 [main] INFO  org.testng.internal.Utils - [TestNG] Running:
  C:\Users\Sibananda\eclipse-workspace\SeleniumWorkSpace\OpencartV121\MasterTestNg.xml

18:09:50.642 [main] INFO  testCases.TC001_AccountRegistrationTest - ***Starting TC001_AccountRegistrationTest*****
18:09:51.181 [main] INFO  testCases.TC001_AccountRegistrationTest - ***Clicked on My account*****
18:09:51.831 [main] INFO  testCases.TC001_AccountRegistrationTest - ***Clicked on Register*****
18:09:51.838 [main] INFO  testCases.TC001_AccountRegistrationTest - ***Providing Details*****
18:09:57.018 [main] INFO  testCases.TC001_AccountRegistrationTest - ***Validating Confirmation message*****
18:09:59.494 [main] INFO  testCases.TC001_AccountRegistrationTest - ***Finished testcase*****
18:10:03.949 [main] INFO  testCases.TC002_LoginTest - *****************Starting the TC002_LoginTest*************
18:10:08.530 [main] INFO  testCases.TC002_LoginTest - *****************Ending the TC002_LoginTest*************
18:10:32.354 [main] INFO  org.testng.internal.Utils - [TestNG] Running:
  C:\Users\Sibananda\eclipse-workspace\SeleniumWorkSpace\OpencartV121\MasterTestNg.xml

18:10:37.212 [main] INFO  testCases.TC001_AccountRegistrationTest - ***Starting TC001_AccountRegistrationTest*****
18:10:37.664 [main] INFO  testCases.TC001_AccountRegistrationTest - ***Clicked on My account*****
18:10:38.178 [main] INFO  testCases.TC001_AccountRegistrationTest - ***Clicked on Register*****
18:10:38.190 [main] INFO  testCases.TC001_AccountRegistrationTest - ***Providing Details*****
18:10:43.350 [main] INFO  testCases.TC001_AccountRegistrationTest - ***Validating Confirmation message*****
18:10:44.375 [main] INFO  testCases.TC001_AccountRegistrationTest - ***Finished testcase*****
18:10:47.537 [main] INFO  testCases.TC002_LoginTest - *****************Starting the TC002_LoginTest*************
18:10:50.210 [main] INFO  testCases.TC002_LoginTest - *****************Ending the TC002_LoginTest*************
18:12:11.341 [main] INFO  org.testng.internal.Utils - [TestNG] Running:
  C:\Users\Sibananda\eclipse-workspace\SeleniumWorkSpace\OpencartV121\MasterTestNg.xml

18:12:17.469 [main] INFO  testCases.TC001_AccountRegistrationTest - ***Starting TC001_AccountRegistrationTest*****
18:12:17.816 [main] INFO  testCases.TC001_AccountRegistrationTest - ***Clicked on My account*****
18:12:18.701 [main] INFO  testCases.TC001_AccountRegistrationTest - ***Clicked on Register*****
18:12:18.708 [main] INFO  testCases.TC001_AccountRegistrationTest - ***Providing Details*****
18:12:24.121 [main] INFO  testCases.TC001_AccountRegistrationTest - ***Validating Confirmation message*****
18:12:25.402 [main] INFO  testCases.TC001_AccountRegistrationTest - ***Finished testcase*****
18:12:29.201 [main] INFO  testCases.TC002_LoginTest - *****************Starting the TC002_LoginTest*************
18:12:32.163 [main] INFO  testCases.TC002_LoginTest - *****************Ending the TC002_LoginTest*************
18:13:50.065 [main] INFO  org.testng.internal.Utils - [TestNG] Running:
  C:\Users\Sibananda\eclipse-workspace\SeleniumWorkSpace\OpencartV121\MasterTestNg.xml

18:14:47.406 [main] INFO  org.testng.internal.Utils - [TestNG] Running:
  C:\Users\Sibananda\eclipse-workspace\SeleniumWorkSpace\OpencartV121\MasterTestNg.xml

18:14:51.980 [main] INFO  testCases.TC001_AccountRegistrationTest - ***Starting TC001_AccountRegistrationTest*****
